[2025-06-24 22:33:43,790: INFO: main: Logging is implemented]
[2025-06-25 13:38:44,530: INFO: common: yaml file: config/config.yaml loaded successfully]
[2025-06-25 13:38:44,552: INFO: common: yaml file: params.yaml loaded successfully]
[2025-06-25 13:38:44,553: INFO: common: created directory at: artifacts]
[2025-06-25 13:41:38,006: INFO: common: yaml file: config/config.yaml loaded successfully]
[2025-06-25 13:41:38,007: INFO: common: yaml file: params.yaml loaded successfully]
[2025-06-25 13:41:38,009: INFO: common: created directory at: artifacts]
[2025-06-25 13:41:38,009: INFO: common: created directory at: artifacts/data_ingestion]
[2025-06-25 13:41:39,704: INFO: 619097867: File is downloaded]
[2025-06-25 14:00:38,042: INFO: main: Data Ingestion stage initiated]
[2025-06-25 14:00:38,043: INFO: common: yaml file: config/config.yaml loaded successfully]
[2025-06-25 14:00:38,043: INFO: common: yaml file: params.yaml loaded successfully]
[2025-06-25 14:00:38,043: INFO: common: created directory at: artifacts]
[2025-06-25 14:00:38,044: INFO: common: created directory at: artifacts/data_ingestion]
[2025-06-25 14:00:39,829: INFO: data_ingestion: File is downloaded]
[2025-06-25 14:00:39,917: INFO: main: stage Data Ingestion stage]
[2025-06-25 14:31:11,464: INFO: config: PyTorch version 2.7.1 available.]
[2025-06-25 14:31:26,515: INFO: common: yaml file: config/config.yaml loaded successfully]
[2025-06-25 14:31:26,518: INFO: common: yaml file: params.yaml loaded successfully]
[2025-06-25 14:31:26,519: INFO: common: created directory at: artifacts]
[2025-06-25 14:31:26,521: INFO: common: created directory at: artifacts/data_transformation]
[2025-06-25 14:45:37,559: INFO: config: PyTorch version 2.7.1 available.]
[2025-06-25 14:45:37,702: INFO: main: Data Ingestion stage initiated]
[2025-06-25 14:45:37,703: INFO: common: yaml file: config/config.yaml loaded successfully]
[2025-06-25 14:45:37,703: INFO: common: yaml file: params.yaml loaded successfully]
[2025-06-25 14:45:37,703: INFO: common: created directory at: artifacts]
[2025-06-25 14:45:37,703: INFO: common: created directory at: artifacts/data_ingestion]
[2025-06-25 14:45:37,703: INFO: data_ingestion: File already exists]
[2025-06-25 14:45:37,769: INFO: main: stage Data Ingestion stage]
[2025-06-25 14:45:37,769: INFO: main: Data Transformation Stage initiated]
[2025-06-25 14:45:37,769: INFO: common: yaml file: config/config.yaml loaded successfully]
[2025-06-25 14:45:37,770: INFO: common: yaml file: params.yaml loaded successfully]
[2025-06-25 14:45:37,770: INFO: common: created directory at: artifacts]
[2025-06-25 14:45:37,770: INFO: common: created directory at: artifacts/data_transformation]
[2025-06-25 14:45:40,584: INFO: main: stage Data Transformation Stage]
[2025-06-25 15:19:01,289: INFO: config: PyTorch version 2.7.1 available.]
[2025-06-25 15:23:15,218: INFO: common: yaml file: config/config.yaml loaded successfully]
[2025-06-25 15:23:15,219: INFO: common: yaml file: params.yaml loaded successfully]
[2025-06-25 15:23:15,220: INFO: common: created directory at: artifacts]
[2025-06-25 15:23:15,221: INFO: common: created directory at: artifacts/model_trainer]
[2025-06-25 15:24:41,266: INFO: common: yaml file: config/config.yaml loaded successfully]
[2025-06-25 15:24:41,269: INFO: common: yaml file: params.yaml loaded successfully]
[2025-06-25 15:24:41,270: INFO: common: created directory at: artifacts]
[2025-06-25 15:24:41,271: INFO: common: created directory at: artifacts/model_trainer]
[2025-06-25 15:30:11,130: INFO: config: PyTorch version 2.7.1 available.]
[2025-06-25 15:30:17,061: INFO: common: yaml file: config/config.yaml loaded successfully]
[2025-06-25 15:30:17,063: INFO: common: yaml file: params.yaml loaded successfully]
[2025-06-25 15:30:17,065: INFO: common: created directory at: artifacts]
[2025-06-25 15:30:17,066: INFO: common: created directory at: artifacts/model_trainer]
[2025-06-25 15:32:45,793: INFO: common: yaml file: config/config.yaml loaded successfully]
[2025-06-25 15:32:45,795: INFO: common: yaml file: params.yaml loaded successfully]
[2025-06-25 15:32:45,795: INFO: common: created directory at: artifacts]
[2025-06-25 15:32:45,796: INFO: common: created directory at: artifacts/model_trainer]
[2025-06-25 15:35:44,028: INFO: config: PyTorch version 2.7.1 available.]
[2025-06-25 15:35:50,396: INFO: common: yaml file: config/config.yaml loaded successfully]
[2025-06-25 15:35:50,398: INFO: common: yaml file: params.yaml loaded successfully]
[2025-06-25 15:35:50,398: INFO: common: created directory at: artifacts]
[2025-06-25 15:35:50,399: INFO: common: created directory at: artifacts/model_trainer]
[2025-06-25 15:39:37,648: INFO: config: PyTorch version 2.7.1 available.]
[2025-06-25 15:39:43,685: INFO: common: yaml file: config/config.yaml loaded successfully]
[2025-06-25 15:39:43,687: INFO: common: yaml file: params.yaml loaded successfully]
[2025-06-25 15:39:43,687: INFO: common: created directory at: artifacts]
[2025-06-25 15:39:43,687: INFO: common: created directory at: artifacts/model_trainer]
[2025-06-25 15:49:42,034: INFO: config: PyTorch version 2.7.1 available.]
[2025-06-25 15:49:53,616: INFO: common: yaml file: config/config.yaml loaded successfully]
[2025-06-25 15:49:53,619: INFO: common: yaml file: params.yaml loaded successfully]
[2025-06-25 15:49:53,620: INFO: common: created directory at: artifacts]
[2025-06-25 15:49:53,621: INFO: common: created directory at: artifacts/model_trainer]
[2025-06-25 15:50:00,335: INFO: common: yaml file: config/config.yaml loaded successfully]
[2025-06-25 15:50:00,337: INFO: common: yaml file: params.yaml loaded successfully]
[2025-06-25 15:50:00,338: INFO: common: created directory at: artifacts]
[2025-06-25 15:50:00,339: INFO: common: created directory at: artifacts/model_trainer]
[2025-06-25 15:54:54,017: INFO: config: PyTorch version 2.7.1 available.]
[2025-06-25 15:55:04,262: INFO: common: yaml file: config/config.yaml loaded successfully]
[2025-06-25 15:55:04,264: INFO: common: yaml file: params.yaml loaded successfully]
[2025-06-25 15:55:04,265: INFO: common: created directory at: artifacts]
[2025-06-25 15:55:04,265: INFO: common: created directory at: artifacts/model_trainer]
[2025-06-25 15:57:33,551: INFO: common: yaml file: config/config.yaml loaded successfully]
[2025-06-25 15:57:33,554: INFO: common: yaml file: params.yaml loaded successfully]
[2025-06-25 15:57:33,555: INFO: common: created directory at: artifacts]
[2025-06-25 15:57:33,556: INFO: common: created directory at: artifacts/model_trainer]
[2025-06-25 15:58:13,146: INFO: common: yaml file: config/config.yaml loaded successfully]
[2025-06-25 15:58:13,150: INFO: common: yaml file: params.yaml loaded successfully]
[2025-06-25 15:58:13,151: INFO: common: created directory at: artifacts]
[2025-06-25 15:58:13,151: INFO: common: created directory at: artifacts/model_trainer]
[2025-06-25 16:01:09,488: INFO: common: yaml file: config/config.yaml loaded successfully]
[2025-06-25 16:01:09,491: INFO: common: yaml file: params.yaml loaded successfully]
[2025-06-25 16:01:09,491: INFO: common: created directory at: artifacts]
[2025-06-25 16:01:09,492: INFO: common: created directory at: artifacts/model_trainer]
[2025-06-25 16:03:15,122: INFO: common: yaml file: config/config.yaml loaded successfully]
[2025-06-25 16:03:15,125: INFO: common: yaml file: params.yaml loaded successfully]
[2025-06-25 16:03:15,126: INFO: common: created directory at: artifacts]
[2025-06-25 16:03:15,126: INFO: common: created directory at: artifacts/model_trainer]
[2025-06-25 16:08:53,479: INFO: config: PyTorch version 2.7.1 available.]
[2025-06-25 16:09:03,570: INFO: common: yaml file: config/config.yaml loaded successfully]
[2025-06-25 16:09:03,573: INFO: common: yaml file: params.yaml loaded successfully]
[2025-06-25 16:09:03,574: INFO: common: created directory at: artifacts]
[2025-06-25 16:09:03,574: INFO: common: created directory at: artifacts/model_trainer]
[2025-06-25 16:14:21,217: INFO: common: yaml file: config/config.yaml loaded successfully]
[2025-06-25 16:14:21,224: INFO: common: yaml file: params.yaml loaded successfully]
[2025-06-25 16:14:21,226: INFO: common: created directory at: artifacts]
[2025-06-25 16:14:21,227: INFO: common: created directory at: artifacts/model_trainer]
[2025-06-25 16:15:44,760: INFO: common: yaml file: config/config.yaml loaded successfully]
[2025-06-25 16:15:44,762: INFO: common: yaml file: params.yaml loaded successfully]
[2025-06-25 16:15:44,763: INFO: common: created directory at: artifacts]
[2025-06-25 16:15:44,763: INFO: common: created directory at: artifacts/model_trainer]
